Using pre-set license
Built from '2020.3/release' branch; Version is '2020.3.15f2 (6cf78cb77498) revision 7141260'; Using compiler version '192528614'; Build Type 'Release'
OS: 'Windows 10 Pro; OS build 19042.1165; Version 2009; 64bit' Language: 'en' Physical Memory: 11224 MB
BatchMode: 1, IsHumanControllingUs: 0, StartBugReporterOnCrash: 0, Is64bit: 1, IsPro: 0

 COMMAND LINE ARGUMENTS:
C:\Program Files\Unity\Hub\Editor\2020.3.15f2\Editor\Unity.exe
-adb2
-batchMode
-noUpm
-name
AssetImportWorker1
-projectPath
C:/Users/milla/3D Test Project
-logFile
Logs/AssetImportWorker1.log
-srvPort
60643
Successfully changed project path to: C:/Users/milla/3D Test Project
C:/Users/milla/3D Test Project
Using Asset Import Pipeline V2.
Refreshing native plugins compatible for Editor in 84.36 ms, found 2 plugins.
Preloading 0 native plugins for Editor in 0.00 ms.
Initialize engine version: 2020.3.15f2 (6cf78cb77498)
[Subsystems] Discovering subsystems at path C:/Program Files/Unity/Hub/Editor/2020.3.15f2/Editor/Data/Resources/UnitySubsystems
[Subsystems] Discovering subsystems at path C:/Users/milla/3D Test Project/Assets
GfxDevice: creating device client; threaded=0
Direct3D:
    Version:  Direct3D 11.0 [level 11.1]
    Renderer: NVIDIA GeForce GT 1030 (ID=0x1d01)
    Vendor:   
    VRAM:     1982 MB
    Driver:   27.21.14.5671
Initialize mono
Mono path[0] = 'C:/Program Files/Unity/Hub/Editor/2020.3.15f2/Editor/Data/Managed'
Mono path[1] = 'C:/Program Files/Unity/Hub/Editor/2020.3.15f2/Editor/Data/MonoBleedingEdge/lib/mono/unityjit'
Mono config path = 'C:/Program Files/Unity/Hub/Editor/2020.3.15f2/Editor/Data/MonoBleedingEdge/etc'
Using monoOptions --debugger-agent=transport=dt_socket,embedding=1,server=y,suspend=n,address=127.0.0.1:56552
Begin MonoManager ReloadAssembly
Registering precompiled unity dll's ...
Register platform support module: C:/Program Files/Unity/Hub/Editor/2020.3.15f2/Editor/Data/PlaybackEngines/WindowsStandaloneSupport/UnityEditor.WindowsStandalone.Extensions.dll
Registered in 0.004546 seconds.
Native extension for WindowsStandalone target not found
Refreshing native plugins compatible for Editor in 73.80 ms, found 2 plugins.
Preloading 0 native plugins for Editor in 0.00 ms.
Mono: successfully reloaded assembly
- Completed reload, in  2.403 seconds
Domain Reload Profiling:
	ReloadAssembly (2404ms)
		BeginReloadAssembly (112ms)
			ExecutionOrderSort (0ms)
			DisableScriptedObjects (0ms)
			BackupInstance (0ms)
			ReleaseScriptingObjects (0ms)
			CreateAndSetChildDomain (1ms)
		EndReloadAssembly (863ms)
			LoadAssemblies (105ms)
			RebuildTransferFunctionScriptingTraits (0ms)
			SetupTypeCache (366ms)
			ReleaseScriptCaches (0ms)
			RebuildScriptCaches (62ms)
			SetupLoadedEditorAssemblies (295ms)
				LogAssemblyErrors (0ms)
				InitializePlatformSupportModulesInManaged (7ms)
				SetLoadedEditorAssemblies (1ms)
				RefreshPlugins (74ms)
				BeforeProcessingInitializeOnLoad (12ms)
				ProcessInitializeOnLoadAttributes (145ms)
				ProcessInitializeOnLoadMethodAttributes (56ms)
				AfterProcessingInitializeOnLoad (0ms)
				EditorAssembliesLoaded (0ms)
			ExecutionOrderSort2 (0ms)
			AwakeInstancesAfterBackupRestoration (0ms)
Platform modules already initialized, skipping
Registering precompiled user dll's ...
Registered in 0.007702 seconds.
Begin MonoManager ReloadAssembly
Native extension for WindowsStandalone target not found
Refreshing native plugins compatible for Editor in 2.75 ms, found 2 plugins.
Preloading 0 native plugins for Editor in 0.00 ms.
Mono: successfully reloaded assembly
- Completed reload, in  2.876 seconds
Domain Reload Profiling:
	ReloadAssembly (2877ms)
		BeginReloadAssembly (359ms)
			ExecutionOrderSort (0ms)
			DisableScriptedObjects (10ms)
			BackupInstance (0ms)
			ReleaseScriptingObjects (0ms)
			CreateAndSetChildDomain (38ms)
		EndReloadAssembly (2342ms)
			LoadAssemblies (219ms)
			RebuildTransferFunctionScriptingTraits (0ms)
			SetupTypeCache (876ms)
			ReleaseScriptCaches (1ms)
			RebuildScriptCaches (103ms)
			SetupLoadedEditorAssemblies (933ms)
				LogAssemblyErrors (0ms)
				InitializePlatformSupportModulesInManaged (20ms)
				SetLoadedEditorAssemblies (2ms)
				RefreshPlugins (3ms)
				BeforeProcessingInitializeOnLoad (201ms)
				ProcessInitializeOnLoadAttributes (680ms)
				ProcessInitializeOnLoadMethodAttributes (9ms)
				AfterProcessingInitializeOnLoad (17ms)
				EditorAssembliesLoaded (1ms)
			ExecutionOrderSort2 (0ms)
			AwakeInstancesAfterBackupRestoration (12ms)
Platform modules already initialized, skipping
========================================================================
Worker process is ready to serve import requests
Launched and connected shader compiler UnityShaderCompiler.exe after 0.16 seconds
Refreshing native plugins compatible for Editor in 0.98 ms, found 2 plugins.
Preloading 0 native plugins for Editor in 0.00 ms.
Unloading 1863 Unused Serialized files (Serialized files now loaded: 0)
System memory in use before: 87.3 MB.
System memory in use after: 87.3 MB.

Unloading 18 unused Assets to reduce memory usage. Loaded Objects now: 2302.
Total: 5.999700 ms (FindLiveObjects: 0.622900 ms CreateObjectMapping: 0.205800 ms MarkObjects: 5.011000 ms  DeleteObjects: 0.157600 ms)

AssetImportParameters requested are different than current active one (requested -> active):
  custom:framework-win-MediaFoundation: 216162199b28c13a410421893ffa2e32 -> 
  custom:video-decoder-ogg-theora: a1e56fd34408186e4bbccfd4996cb3dc -> 
  custom:container-muxer-webm: aa71ff27fc2769a1b78a27578f13a17b -> 
  custom:container-demuxer-webm: 4f35f7cbe854078d1ac9338744f61a02 -> 
  custom:container-demuxer-ogg: 62fdf1f143b41e24485cea50d1cbac27 -> 
  custom:video-encoder-webm-vp8: eb34c28f22e8b96e1ab97ce403110664 -> 
  custom:video-codec-MediaFoundation-h265: 746d11721c4dcdbdad8f713fa42b33f4 -> 
  custom:video-decoder-webm-vp8: 9c59270c3fd7afecdb556c50c9e8de78 -> 
  custom:audio-decoder-ogg-vorbis: bf7c407c2cedff20999df2af8eb42d56 -> 
  custom:audio-encoder-webm-vorbis: bf7c407c2cedff20999df2af8eb42d56 -> 
========================================================================
Received Import Request.
  path: Assets/Books and Library Supply/Prefabs/Books/Book_1A.prefab
  artifactKey: Guid(b3fbf3d46cbb98341a7ae68b007235e6) Importer(815301076,1909f56bfc062723c751e8b465ee728b)
Start importing Assets/Books and Library Supply/Prefabs/Books/Book_1A.prefab using Guid(b3fbf3d46cbb98341a7ae68b007235e6) Importer(815301076,1909f56bfc062723c751e8b465ee728b)  -> (artifact id: '3b0475ab80e7a336e17833eb06a1ccc6') in 0.111730 seconds 
  Import took 0.119112 seconds .

========================================================================
Received Import Request.
  Time since last request: 0.000505 seconds.
  path: Assets/Books and Library Supply/Prefabs/Books/Book_3A.prefab
  artifactKey: Guid(91d318e115a412942a9aea83b8c2926a) Importer(815301076,1909f56bfc062723c751e8b465ee728b)
Start importing Assets/Books and Library Supply/Prefabs/Books/Book_3A.prefab using Guid(91d318e115a412942a9aea83b8c2926a) Importer(815301076,1909f56bfc062723c751e8b465ee728b)  -> (artifact id: '7a5c7791cfe084c002883abe93572cf5') in 0.032911 seconds 
  Import took 0.039605 seconds .

========================================================================
Received Import Request.
  Time since last request: 0.000373 seconds.
  path: Assets/Books and Library Supply/Prefabs
  artifactKey: Guid(5f5a3f53c11a3684e81e603da03db7fc) Importer(815301076,1909f56bfc062723c751e8b465ee728b)
Start importing Assets/Books and Library Supply/Prefabs using Guid(5f5a3f53c11a3684e81e603da03db7fc) Importer(815301076,1909f56bfc062723c751e8b465ee728b)  -> (artifact id: '3c0c5f64c329f454a1849ac76a4c83ae') in 0.014785 seconds 
  Import took 0.021721 seconds .

========================================================================
Received Import Request.
  Time since last request: 0.000352 seconds.
  path: Assets/Books and Library Supply/Prefabs/Books/Book_1H.prefab
  artifactKey: Guid(9e9f85b371bfa1947aa70da2f90a151c) Importer(815301076,1909f56bfc062723c751e8b465ee728b)
Start importing Assets/Books and Library Supply/Prefabs/Books/Book_1H.prefab using Guid(9e9f85b371bfa1947aa70da2f90a151c) Importer(815301076,1909f56bfc062723c751e8b465ee728b)  -> (artifact id: '0a66fc0430b8cb4d04a9589a3f214e6c') in 0.029188 seconds 
  Import took 0.035210 seconds .

========================================================================
Received Import Request.
  Time since last request: 0.000433 seconds.
  path: Assets/Books and Library Supply/Prefabs/Books/Book_1I.prefab
  artifactKey: Guid(f8e6a710e54e0c045b61dea140a93d8a) Importer(815301076,1909f56bfc062723c751e8b465ee728b)
Start importing Assets/Books and Library Supply/Prefabs/Books/Book_1I.prefab using Guid(f8e6a710e54e0c045b61dea140a93d8a) Importer(815301076,1909f56bfc062723c751e8b465ee728b)  -> (artifact id: 'f45530a308b6f2298f65cd4e8b4faaaf') in 0.019928 seconds 
  Import took 0.031021 seconds .

========================================================================
Received Import Request.
  Time since last request: 0.005082 seconds.
  path: Assets/Books and Library Supply/Prefabs/Books/Book_1D.prefab
  artifactKey: Guid(4d759fc2677fec449b5b305ada281009) Importer(815301076,1909f56bfc062723c751e8b465ee728b)
Start importing Assets/Books and Library Supply/Prefabs/Books/Book_1D.prefab using Guid(4d759fc2677fec449b5b305ada281009) Importer(815301076,1909f56bfc062723c751e8b465ee728b)  -> (artifact id: '48e3caa7564f7a77ec494c2d3dcc70b1') in 0.028450 seconds 
  Import took 0.037515 seconds .

========================================================================
Received Import Request.
  Time since last request: 0.000511 seconds.
  path: Assets/Books and Library Supply/Prefabs/Books/Book_2C.prefab
  artifactKey: Guid(b634e80ae7cf820469b26d2de20f3948) Importer(815301076,1909f56bfc062723c751e8b465ee728b)
Start importing Assets/Books and Library Supply/Prefabs/Books/Book_2C.prefab using Guid(b634e80ae7cf820469b26d2de20f3948) Importer(815301076,1909f56bfc062723c751e8b465ee728b)  -> (artifact id: 'bd1e3a2e3413c998a0b61fadee6aea42') in 0.022861 seconds 
  Import took 0.028120 seconds .

========================================================================
Received Import Request.
  Time since last request: 0.000341 seconds.
  path: Assets/Books and Library Supply/Prefabs/Books/Book_1E.prefab
  artifactKey: Guid(2c88e31b94d949b42a45af6309b5a952) Importer(815301076,1909f56bfc062723c751e8b465ee728b)
Start importing Assets/Books and Library Supply/Prefabs/Books/Book_1E.prefab using Guid(2c88e31b94d949b42a45af6309b5a952) Importer(815301076,1909f56bfc062723c751e8b465ee728b)  -> (artifact id: '3a04d4179cf2cc0e33f57980eb5cd32b') in 0.027148 seconds 
  Import took 0.034427 seconds .

========================================================================
Received Import Request.
  Time since last request: 0.000669 seconds.
  path: Assets/Books and Library Supply/Prefabs/Books/Book_1G.prefab
  artifactKey: Guid(25ae8b9c8be4ecb48a7108e43d0498d4) Importer(815301076,1909f56bfc062723c751e8b465ee728b)
Start importing Assets/Books and Library Supply/Prefabs/Books/Book_1G.prefab using Guid(25ae8b9c8be4ecb48a7108e43d0498d4) Importer(815301076,1909f56bfc062723c751e8b465ee728b)  -> (artifact id: '4b15eff38f7f32910bcfff48c8555e90') in 0.024078 seconds 
  Import took 0.028622 seconds .

========================================================================
Received Import Request.
  Time since last request: 0.000406 seconds.
  path: Assets/Books and Library Supply/Prefabs/Books/Book_2B.prefab
  artifactKey: Guid(d2021aea3f0cec644b37bd815dc054a1) Importer(815301076,1909f56bfc062723c751e8b465ee728b)
Start importing Assets/Books and Library Supply/Prefabs/Books/Book_2B.prefab using Guid(d2021aea3f0cec644b37bd815dc054a1) Importer(815301076,1909f56bfc062723c751e8b465ee728b)  -> (artifact id: 'e7a59b322c6afbdfa80e2674e130d987') in 0.023590 seconds 
  Import took 0.028548 seconds .

========================================================================
Received Import Request.
  Time since last request: 0.000382 seconds.
  path: Assets/Books and Library Supply/Prefabs/Books/Book_1B.prefab
  artifactKey: Guid(d13a6d2742d885b44ac7010a2093c14b) Importer(815301076,1909f56bfc062723c751e8b465ee728b)
Start importing Assets/Books and Library Supply/Prefabs/Books/Book_1B.prefab using Guid(d13a6d2742d885b44ac7010a2093c14b) Importer(815301076,1909f56bfc062723c751e8b465ee728b)  -> (artifact id: '90805cf0e890a784bb65c123a5b60b85') in 0.022914 seconds 
  Import took 0.028363 seconds .

========================================================================
Received Import Request.
  Time since last request: 0.000457 seconds.
  path: Assets/Books and Library Supply/Prefabs/Books/Book_1J.prefab
  artifactKey: Guid(44a42aa85dbe04447afc94caae6eee22) Importer(815301076,1909f56bfc062723c751e8b465ee728b)
Start importing Assets/Books and Library Supply/Prefabs/Books/Book_1J.prefab using Guid(44a42aa85dbe04447afc94caae6eee22) Importer(815301076,1909f56bfc062723c751e8b465ee728b)  -> (artifact id: '2a6b7f90379cc864ba5c4193c8731610') in 0.022906 seconds 
  Import took 0.033366 seconds .

========================================================================
Received Import Request.
  Time since last request: 0.000402 seconds.
  path: Assets/Books and Library Supply/Prefabs/Books/Book_3B.prefab
  artifactKey: Guid(d184bd20e82cc12478751fbc54d78f78) Importer(815301076,1909f56bfc062723c751e8b465ee728b)
Start importing Assets/Books and Library Supply/Prefabs/Books/Book_3B.prefab using Guid(d184bd20e82cc12478751fbc54d78f78) Importer(815301076,1909f56bfc062723c751e8b465ee728b)  -> (artifact id: '7935cb4143033b379a37ab01b422620e') in 0.033895 seconds 
  Import took 0.041337 seconds .

========================================================================
Received Import Request.
  Time since last request: 0.000520 seconds.
  path: Assets/Books and Library Supply/Prefabs/Books/Book_1F.prefab
  artifactKey: Guid(5e9ac6a7a36199f468011af4bcbc771a) Importer(815301076,1909f56bfc062723c751e8b465ee728b)
Start importing Assets/Books and Library Supply/Prefabs/Books/Book_1F.prefab using Guid(5e9ac6a7a36199f468011af4bcbc771a) Importer(815301076,1909f56bfc062723c751e8b465ee728b)  -> (artifact id: '651bec1182988ef51c78049b21c32681') in 0.025801 seconds 
  Import took 0.031882 seconds .

========================================================================
Received Import Request.
  Time since last request: 0.000591 seconds.
  path: Assets/Books and Library Supply/Prefabs/Books
  artifactKey: Guid(a7466c4838d117f4282a3a7e94507450) Importer(815301076,1909f56bfc062723c751e8b465ee728b)
Start importing Assets/Books and Library Supply/Prefabs/Books using Guid(a7466c4838d117f4282a3a7e94507450) Importer(815301076,1909f56bfc062723c751e8b465ee728b)  -> (artifact id: 'a47caf589b9c14464747f82a6f3f2971') in 0.018045 seconds 
  Import took 0.023655 seconds .

========================================================================
Received Import Request.
  Time since last request: 0.000444 seconds.
  path: Assets/Books and Library Supply/Prefabs/Books/Book_1C.prefab
  artifactKey: Guid(1d9725ca3fa38444e9c4216ed4453687) Importer(815301076,1909f56bfc062723c751e8b465ee728b)
Start importing Assets/Books and Library Supply/Prefabs/Books/Book_1C.prefab using Guid(1d9725ca3fa38444e9c4216ed4453687) Importer(815301076,1909f56bfc062723c751e8b465ee728b)  -> (artifact id: 'a69b6485cb7e582c03f1a66037dd7b82') in 0.023348 seconds 
  Import took 0.031880 seconds .

========================================================================
Received Import Request.
  Time since last request: 0.000386 seconds.
  path: Assets/Books and Library Supply/Prefabs/Books/Book_2A.prefab
  artifactKey: Guid(6baf3f760631fcb4487d53b9933507d9) Importer(815301076,1909f56bfc062723c751e8b465ee728b)
Start importing Assets/Books and Library Supply/Prefabs/Books/Book_2A.prefab using Guid(6baf3f760631fcb4487d53b9933507d9) Importer(815301076,1909f56bfc062723c751e8b465ee728b)  -> (artifact id: 'e33c3a6d1a5c3290fe0409682e762233') in 0.022374 seconds 
  Import took 0.028700 seconds .

========================================================================
Received Import Request.
  Time since last request: 0.001189 seconds.
  path: Assets/Books and Library Supply/Prefabs/Books/Book_2A.prefab
  artifactKey: Guid(6baf3f760631fcb4487d53b9933507d9) Importer(815301076,1909f56bfc062723c751e8b465ee728b)
Start importing Assets/Books and Library Supply/Prefabs/Books/Book_2A.prefab using Guid(6baf3f760631fcb4487d53b9933507d9) Importer(815301076,1909f56bfc062723c751e8b465ee728b)  -> (artifact id: 'e33c3a6d1a5c3290fe0409682e762233') in 0.014580 seconds 
  Import took 0.022600 seconds .

========================================================================
Received Import Request.
  Time since last request: 30.707563 seconds.
  path: Assets/Books and Library Supply/Prefabs/Books/Pages
  artifactKey: Guid(b8cc4217101777049b8bae98eb274393) Importer(815301076,1909f56bfc062723c751e8b465ee728b)
Start importing Assets/Books and Library Supply/Prefabs/Books/Pages using Guid(b8cc4217101777049b8bae98eb274393) Importer(815301076,1909f56bfc062723c751e8b465ee728b)  -> (artifact id: 'dc2ec7c6b024e7b9699ca8f283116365') in 0.019843 seconds 
  Import took 0.025566 seconds .

========================================================================
Received Import Request.
  Time since last request: 0.069409 seconds.
  path: Assets/Books and Library Supply/Prefabs/Books/Pages/Blank_Page_1A.prefab
  artifactKey: Guid(f3d6531f0584ed94cb7dffc84d728f6d) Importer(815301076,1909f56bfc062723c751e8b465ee728b)
Start importing Assets/Books and Library Supply/Prefabs/Books/Pages/Blank_Page_1A.prefab using Guid(f3d6531f0584ed94cb7dffc84d728f6d) Importer(815301076,1909f56bfc062723c751e8b465ee728b)  -> (artifact id: '4191e6dde358fff2945db7c6c91f944c') in 0.018861 seconds 
  Import took 0.024112 seconds .

========================================================================
Received Import Request.
  Time since last request: 0.000366 seconds.
  path: Assets/Books and Library Supply/Prefabs/Books/Pages/Blank_Page_1C.prefab
  artifactKey: Guid(22a7b00572c7ca24f9c81378bcf598c4) Importer(815301076,1909f56bfc062723c751e8b465ee728b)
Start importing Assets/Books and Library Supply/Prefabs/Books/Pages/Blank_Page_1C.prefab using Guid(22a7b00572c7ca24f9c81378bcf598c4) Importer(815301076,1909f56bfc062723c751e8b465ee728b)  -> (artifact id: '78ed63b563a5b84f84c61ae41607ed00') in 0.022531 seconds 
  Import took 0.027432 seconds .

========================================================================
Received Import Request.
  Time since last request: 0.000393 seconds.
  path: Assets/Books and Library Supply/Prefabs/Books/Pages/Blank_Page_1D.prefab
  artifactKey: Guid(40d19c74aa7bbdd46a3477501d82f1b2) Importer(815301076,1909f56bfc062723c751e8b465ee728b)
Start importing Assets/Books and Library Supply/Prefabs/Books/Pages/Blank_Page_1D.prefab using Guid(40d19c74aa7bbdd46a3477501d82f1b2) Importer(815301076,1909f56bfc062723c751e8b465ee728b)  -> (artifact id: '243156d067a18cb1dc010a665dca1b12') in 0.018537 seconds 
  Import took 0.024967 seconds .

========================================================================
Received Import Request.
  Time since last request: 0.000570 seconds.
  path: Assets/Books and Library Supply/Prefabs/Books/Pages/Blank_Page_1F.prefab
  artifactKey: Guid(a7a53258614abaa45ab74c2c826f27f5) Importer(815301076,1909f56bfc062723c751e8b465ee728b)
Start importing Assets/Books and Library Supply/Prefabs/Books/Pages/Blank_Page_1F.prefab using Guid(a7a53258614abaa45ab74c2c826f27f5) Importer(815301076,1909f56bfc062723c751e8b465ee728b)  -> (artifact id: '48d112ccb9e2aadf7514602bd841f169') in 0.020494 seconds 
  Import took 0.027272 seconds .

========================================================================
Received Import Request.
  Time since last request: 0.000354 seconds.
  path: Assets/Books and Library Supply/Prefabs/Books/Pages/Blank_Page_1E.prefab
  artifactKey: Guid(7fc8172c5dd429546b84f2bdce64aa43) Importer(815301076,1909f56bfc062723c751e8b465ee728b)
Start importing Assets/Books and Library Supply/Prefabs/Books/Pages/Blank_Page_1E.prefab using Guid(7fc8172c5dd429546b84f2bdce64aa43) Importer(815301076,1909f56bfc062723c751e8b465ee728b)  -> (artifact id: 'a5cfc8493a520ca18b2b1d0976548365') in 0.020943 seconds 
  Import took 0.029929 seconds .

========================================================================
Received Import Request.
  Time since last request: 0.000309 seconds.
  path: Assets/Books and Library Supply/Prefabs/Books/Pages/Blank_Page_1B.prefab
  artifactKey: Guid(c17780ec6ca8703469dc8d5e9f610f8d) Importer(815301076,1909f56bfc062723c751e8b465ee728b)
Start importing Assets/Books and Library Supply/Prefabs/Books/Pages/Blank_Page_1B.prefab using Guid(c17780ec6ca8703469dc8d5e9f610f8d) Importer(815301076,1909f56bfc062723c751e8b465ee728b)  -> (artifact id: 'ff134bc127be56924566fb70cb488ead') in 0.020263 seconds 
  Import took 0.026369 seconds .

========================================================================
Received Import Request.
  Time since last request: 3.514147 seconds.
  path: Assets/Books and Library Supply/Textures
  artifactKey: Guid(fe0a44ee974268c45908ec5d4f436ed7) Importer(815301076,1909f56bfc062723c751e8b465ee728b)
Start importing Assets/Books and Library Supply/Textures using Guid(fe0a44ee974268c45908ec5d4f436ed7) Importer(815301076,1909f56bfc062723c751e8b465ee728b)  -> (artifact id: '2388dda18a8ff2a86f4808e2451c5742') in 0.014165 seconds 
  Import took 0.022585 seconds .

========================================================================
Received Import Request.
  Time since last request: 0.066424 seconds.
  path: Assets/Books and Library Supply/Textures/Books_Map_1A (Colorful).png
  artifactKey: Guid(e6bfd5650f281654d9eae1897e466888) Importer(815301076,1909f56bfc062723c751e8b465ee728b)
Start importing Assets/Books and Library Supply/Textures/Books_Map_1A (Colorful).png using Guid(e6bfd5650f281654d9eae1897e466888) Importer(815301076,1909f56bfc062723c751e8b465ee728b)  -> (artifact id: '9a55050e04d5264e5e84f843411db379') in 0.112236 seconds 
  Import took 0.117695 seconds .

========================================================================
Received Import Request.
  Time since last request: 0.000330 seconds.
  path: Assets/Books and Library Supply/Textures/Paintings_Map_1A.png
  artifactKey: Guid(680a241ba32a4044daae942f0aff0b4a) Importer(815301076,1909f56bfc062723c751e8b465ee728b)
Start importing Assets/Books and Library Supply/Textures/Paintings_Map_1A.png using Guid(680a241ba32a4044daae942f0aff0b4a) Importer(815301076,1909f56bfc062723c751e8b465ee728b)  -> (artifact id: '48f0f130d77b925e4c30c1ff18277cc9') in 0.053082 seconds 
  Import took 0.057827 seconds .

========================================================================
Received Import Request.
  Time since last request: 0.000371 seconds.
  path: Assets/Books and Library Supply/Textures/Carpets_Map_1A Occlusion.png
  artifactKey: Guid(674f59d6f24514248b60ca9abc5b01ac) Importer(815301076,1909f56bfc062723c751e8b465ee728b)
Start importing Assets/Books and Library Supply/Textures/Carpets_Map_1A Occlusion.png using Guid(674f59d6f24514248b60ca9abc5b01ac) Importer(815301076,1909f56bfc062723c751e8b465ee728b)  -> (artifact id: 'b53ae8e4e4b38079eb047268be815589') in 0.041748 seconds 
  Import took 0.048850 seconds .

========================================================================
Received Import Request.
  Time since last request: 0.000461 seconds.
  path: Assets/Books and Library Supply/Textures/Wood_Map_1A Normal.png
  artifactKey: Guid(bbd16cafd8fad1640a061ac1abe51ed4) Importer(815301076,1909f56bfc062723c751e8b465ee728b)
Start importing Assets/Books and Library Supply/Textures/Wood_Map_1A Normal.png using Guid(bbd16cafd8fad1640a061ac1abe51ed4) Importer(815301076,1909f56bfc062723c751e8b465ee728b)  -> (artifact id: '7aeb2cb6a843ea359c6a98f771c1754a') in 0.076963 seconds 
  Import took 0.082129 seconds .

========================================================================
Received Import Request.
  Time since last request: 0.000570 seconds.
  path: Assets/Books and Library Supply/Textures/Carpets_Map_1A (Colorful).png
  artifactKey: Guid(e704bc0f09a06cc48848d2ab9a412816) Importer(815301076,1909f56bfc062723c751e8b465ee728b)
Start importing Assets/Books and Library Supply/Textures/Carpets_Map_1A (Colorful).png using Guid(e704bc0f09a06cc48848d2ab9a412816) Importer(815301076,1909f56bfc062723c751e8b465ee728b)  -> (artifact id: 'dfad6344f4d8e702e6330df9ae8e5ee4') in 0.038327 seconds 
  Import took 0.043928 seconds .

========================================================================
Received Import Request.
  Time since last request: 0.000311 seconds.
  path: Assets/Books and Library Supply/Textures/Carpets_Map_1A.png
  artifactKey: Guid(bf77b6b589b66b2408473a50a04e7a48) Importer(815301076,1909f56bfc062723c751e8b465ee728b)
Start importing Assets/Books and Library Supply/Textures/Carpets_Map_1A.png using Guid(bf77b6b589b66b2408473a50a04e7a48) Importer(815301076,1909f56bfc062723c751e8b465ee728b)  -> (artifact id: '5c18a609d5fc7230eda953bff09f2e67') in 0.032137 seconds 
  Import took 0.037986 seconds .

========================================================================
Received Import Request.
  Time since last request: 0.000362 seconds.
  path: Assets/Books and Library Supply/Textures/Wood_Map_2A Occlusion.png
  artifactKey: Guid(203bbbb8d8c1456428980346694e0c63) Importer(815301076,1909f56bfc062723c751e8b465ee728b)
Start importing Assets/Books and Library Supply/Textures/Wood_Map_2A Occlusion.png using Guid(203bbbb8d8c1456428980346694e0c63) Importer(815301076,1909f56bfc062723c751e8b465ee728b)  -> (artifact id: 'c60a258bfabc928ff06fe6cbbe97864f') in 0.037772 seconds 
  Import took 0.044302 seconds .

========================================================================
Received Import Request.
  Time since last request: 0.000303 seconds.
  path: Assets/Books and Library Supply/Textures/Wood_Map_1B Normal.png
  artifactKey: Guid(69c4974728ce6bc4baa8d902224e0529) Importer(815301076,1909f56bfc062723c751e8b465ee728b)
Start importing Assets/Books and Library Supply/Textures/Wood_Map_1B Normal.png using Guid(69c4974728ce6bc4baa8d902224e0529) Importer(815301076,1909f56bfc062723c751e8b465ee728b)  -> (artifact id: '2ca36c0b32bddc109a6c033cd13fab20') in 0.031352 seconds 
  Import took 0.037229 seconds .

========================================================================
Received Import Request.
  Time since last request: 0.000318 seconds.
  path: Assets/Books and Library Supply/Textures/Terrain_Grass_2A.png
  artifactKey: Guid(2d9416bcdf164914d9e431047c708780) Importer(815301076,1909f56bfc062723c751e8b465ee728b)
Start importing Assets/Books and Library Supply/Textures/Terrain_Grass_2A.png using Guid(2d9416bcdf164914d9e431047c708780) Importer(815301076,1909f56bfc062723c751e8b465ee728b)  -> (artifact id: '82ff7a18f05b7af9e38d4031860dbea8') in 0.030630 seconds 
  Import took 0.038221 seconds .

========================================================================
Received Import Request.
  Time since last request: 0.000311 seconds.
  path: Assets/Books and Library Supply/Textures/Wood_Map_2A Normal.png
  artifactKey: Guid(cd82d339490d91745a41b6f61fb78174) Importer(815301076,1909f56bfc062723c751e8b465ee728b)
Start importing Assets/Books and Library Supply/Textures/Wood_Map_2A Normal.png using Guid(cd82d339490d91745a41b6f61fb78174) Importer(815301076,1909f56bfc062723c751e8b465ee728b)  -> (artifact id: '10ad867553871c2b1a16142e7a6ec3ae') in 0.053228 seconds 
  Import took 0.059990 seconds .

========================================================================
Received Import Request.
  Time since last request: 0.000380 seconds.
  path: Assets/Books and Library Supply/Textures/Wood_Map_1A Occlusion.png
  artifactKey: Guid(605f497324a95a842817c9155fb7230e) Importer(815301076,1909f56bfc062723c751e8b465ee728b)
Start importing Assets/Books and Library Supply/Textures/Wood_Map_1A Occlusion.png using Guid(605f497324a95a842817c9155fb7230e) Importer(815301076,1909f56bfc062723c751e8b465ee728b)  -> (artifact id: '9f0f25ee1eebbe1fe5d4be398d9948a9') in 0.037032 seconds 
  Import took 0.043700 seconds .

========================================================================
Received Import Request.
  Time since last request: 0.000419 seconds.
  path: Assets/Books and Library Supply/Textures/Books_Map_1A Normal.png
  artifactKey: Guid(f84d38b2dfcc90a4296f04a41e80a203) Importer(815301076,1909f56bfc062723c751e8b465ee728b)
Start importing Assets/Books and Library Supply/Textures/Books_Map_1A Normal.png using Guid(f84d38b2dfcc90a4296f04a41e80a203) Importer(815301076,1909f56bfc062723c751e8b465ee728b)  -> (artifact id: '5e9f4faa90fa73e7d4abb50ec8da6a74') in 0.035172 seconds 
  Import took 0.040939 seconds .

========================================================================
Received Import Request.
  Time since last request: 0.000304 seconds.
  path: Assets/Books and Library Supply/Textures/Paintings_Map_1A Normal.png
  artifactKey: Guid(b5bf9c82cd2b44a46bfd4401589d0372) Importer(815301076,1909f56bfc062723c751e8b465ee728b)
Start importing Assets/Books and Library Supply/Textures/Paintings_Map_1A Normal.png using Guid(b5bf9c82cd2b44a46bfd4401589d0372) Importer(815301076,1909f56bfc062723c751e8b465ee728b)  -> (artifact id: '1646715c8f23d990a73e46219a7f4b8a') in 0.034290 seconds 
  Import took 0.040225 seconds .

========================================================================
Received Import Request.
  Time since last request: 0.000781 seconds.
  path: Assets/Books and Library Supply/Textures/Wood_Map_1A.png
  artifactKey: Guid(7fd0a085250ff41458725511b548f492) Importer(815301076,1909f56bfc062723c751e8b465ee728b)
Start importing Assets/Books and Library Supply/Textures/Wood_Map_1A.png using Guid(7fd0a085250ff41458725511b548f492) Importer(815301076,1909f56bfc062723c751e8b465ee728b)  -> (artifact id: '9fe21a6393144af187aff3b8f22babe1') in 0.030881 seconds 
  Import took 0.037186 seconds .

========================================================================
Received Import Request.
  Time since last request: 0.000429 seconds.
  path: Assets/Books and Library Supply/Textures/Paintings_Map_1A (Colorful).png
  artifactKey: Guid(85a78285bee5dc24f8dc11e255e2b7ee) Importer(815301076,1909f56bfc062723c751e8b465ee728b)
Start importing Assets/Books and Library Supply/Textures/Paintings_Map_1A (Colorful).png using Guid(85a78285bee5dc24f8dc11e255e2b7ee) Importer(815301076,1909f56bfc062723c751e8b465ee728b)  -> (artifact id: 'bead866c0606d5b2c67b771bf305ac8c') in 0.033567 seconds 
  Import took 0.045224 seconds .

========================================================================
Received Import Request.
  Time since last request: 0.000345 seconds.
  path: Assets/Books and Library Supply/Textures/Wood_Map_2A.png
  artifactKey: Guid(5b354a08422703e4db639436b875ea76) Importer(815301076,1909f56bfc062723c751e8b465ee728b)
Start importing Assets/Books and Library Supply/Textures/Wood_Map_2A.png using Guid(5b354a08422703e4db639436b875ea76) Importer(815301076,1909f56bfc062723c751e8b465ee728b)  -> (artifact id: '687fcbce5b1bf39942e8a0ca358a98f1') in 0.038707 seconds 
  Import took 0.044168 seconds .

========================================================================
Received Import Request.
  Time since last request: 0.000515 seconds.
  path: Assets/Books and Library Supply/Textures/Paintings_Map_1A Occlusion.png
  artifactKey: Guid(f2d0e4111caa91d4e9548aa7b02ab989) Importer(815301076,1909f56bfc062723c751e8b465ee728b)
Start importing Assets/Books and Library Supply/Textures/Paintings_Map_1A Occlusion.png using Guid(f2d0e4111caa91d4e9548aa7b02ab989) Importer(815301076,1909f56bfc062723c751e8b465ee728b)  -> (artifact id: 'e344e88713579affe407fdb9ef5b2425') in 0.034637 seconds 
  Import took 0.039740 seconds .

========================================================================
Received Import Request.
  Time since last request: 0.000304 seconds.
  path: Assets/Books and Library Supply/Textures/Wood_Map_1B Occlusion.png
  artifactKey: Guid(a5605e2f8e0f62d44b0a58bb92fb9c5c) Importer(815301076,1909f56bfc062723c751e8b465ee728b)
Start importing Assets/Books and Library Supply/Textures/Wood_Map_1B Occlusion.png using Guid(a5605e2f8e0f62d44b0a58bb92fb9c5c) Importer(815301076,1909f56bfc062723c751e8b465ee728b)  -> (artifact id: 'f8668811e530bde5be4849ddca229df4') in 0.034733 seconds 
  Import took 0.040820 seconds .

========================================================================
Received Import Request.
  Time since last request: 0.000253 seconds.
  path: Assets/Books and Library Supply/Textures/Wood_Map_1B.png
  artifactKey: Guid(76eeb7f8d9b2df64aa96cf4608f071f8) Importer(815301076,1909f56bfc062723c751e8b465ee728b)
Start importing Assets/Books and Library Supply/Textures/Wood_Map_1B.png using Guid(76eeb7f8d9b2df64aa96cf4608f071f8) Importer(815301076,1909f56bfc062723c751e8b465ee728b)  -> (artifact id: 'a8d5c6b9df30fdbb1128994d17abff7c') in 0.038497 seconds 
  Import took 0.045731 seconds .

========================================================================
Received Import Request.
  Time since last request: 0.000418 seconds.
  path: Assets/Books and Library Supply/Textures/Carpets_Map_1A Normal.png
  artifactKey: Guid(382893adb2d84ca41a054f982f1fe06e) Importer(815301076,1909f56bfc062723c751e8b465ee728b)
Start importing Assets/Books and Library Supply/Textures/Carpets_Map_1A Normal.png using Guid(382893adb2d84ca41a054f982f1fe06e) Importer(815301076,1909f56bfc062723c751e8b465ee728b)  -> (artifact id: '03f138ff58b586ed440214605fb6cc8c') in 0.034228 seconds 
  Import took 0.040577 seconds .

========================================================================
Received Import Request.
  Time since last request: 0.000418 seconds.
  path: Assets/Books and Library Supply/Textures/Books_Map_1A Occlusion.png
  artifactKey: Guid(394ecdbb658418747b95c90441a7a89a) Importer(815301076,1909f56bfc062723c751e8b465ee728b)
Start importing Assets/Books and Library Supply/Textures/Books_Map_1A Occlusion.png using Guid(394ecdbb658418747b95c90441a7a89a) Importer(815301076,1909f56bfc062723c751e8b465ee728b)  -> (artifact id: 'c48b9f772aaff5af2abd21b13ce35fae') in 0.035435 seconds 
  Import took 0.041249 seconds .

========================================================================
Received Import Request.
  Time since last request: 0.000338 seconds.
  path: Assets/Books and Library Supply/Textures/Books_Map_1A2.png
  artifactKey: Guid(abacf2f837c3b344aa7661ac79a4f7d2) Importer(815301076,1909f56bfc062723c751e8b465ee728b)
Start importing Assets/Books and Library Supply/Textures/Books_Map_1A2.png using Guid(abacf2f837c3b344aa7661ac79a4f7d2) Importer(815301076,1909f56bfc062723c751e8b465ee728b)  -> (artifact id: '1c338a56b74b1aee345978f2df029e41') in 0.041687 seconds 
  Import took 0.046741 seconds .

========================================================================
Received Import Request.
  Time since last request: 0.000303 seconds.
  path: Assets/Books and Library Supply/Textures/Wood_Map_1A (Colorful).png
  artifactKey: Guid(ef5c0aaabf0ee3a48bda0a9625340843) Importer(815301076,1909f56bfc062723c751e8b465ee728b)
Start importing Assets/Books and Library Supply/Textures/Wood_Map_1A (Colorful).png using Guid(ef5c0aaabf0ee3a48bda0a9625340843) Importer(815301076,1909f56bfc062723c751e8b465ee728b)  -> (artifact id: '052e753aadc7bb3b45885ca146c4e8f3') in 0.029816 seconds 
  Import took 0.036464 seconds .

========================================================================
Received Import Request.
  Time since last request: 0.000362 seconds.
  path: Assets/Books and Library Supply/Textures/Books_Map_1A.png
  artifactKey: Guid(a143f481dd291934e8d0acbd3e3a7602) Importer(815301076,1909f56bfc062723c751e8b465ee728b)
Start importing Assets/Books and Library Supply/Textures/Books_Map_1A.png using Guid(a143f481dd291934e8d0acbd3e3a7602) Importer(815301076,1909f56bfc062723c751e8b465ee728b)  -> (artifact id: 'e6111a2e3e3ce61f4827492ef335b566') in 0.034199 seconds 
  Import took 0.040867 seconds .

========================================================================
Received Import Request.
  Time since last request: 452.969374 seconds.
  path: Assets/Books and Library Supply/Prefabs/Books/Book_1A.prefab
  artifactKey: Guid(b3fbf3d46cbb98341a7ae68b007235e6) Importer(815301076,1909f56bfc062723c751e8b465ee728b)
Start importing Assets/Books and Library Supply/Prefabs/Books/Book_1A.prefab using Guid(b3fbf3d46cbb98341a7ae68b007235e6) Importer(815301076,1909f56bfc062723c751e8b465ee728b)  -> (artifact id: '53933d293a36d66d8deb8cd76b842be7') in 0.080504 seconds 
  Import took 0.085920 seconds .

========================================================================
Received Import Request.
  Time since last request: 0.000347 seconds.
  path: Assets/Books and Library Supply/Prefabs/Books/Book_3A.prefab
  artifactKey: Guid(91d318e115a412942a9aea83b8c2926a) Importer(815301076,1909f56bfc062723c751e8b465ee728b)
Start importing Assets/Books and Library Supply/Prefabs/Books/Book_3A.prefab using Guid(91d318e115a412942a9aea83b8c2926a) Importer(815301076,1909f56bfc062723c751e8b465ee728b)  -> (artifact id: '7c0d7ea234d8267ee89ecb1bc9197a9f') in 0.066872 seconds 
  Import took 0.072914 seconds .

========================================================================
Received Import Request.
  Time since last request: 0.000397 seconds.
  path: Assets/Books and Library Supply/Prefabs/Books/Book_1H.prefab
  artifactKey: Guid(9e9f85b371bfa1947aa70da2f90a151c) Importer(815301076,1909f56bfc062723c751e8b465ee728b)
Start importing Assets/Books and Library Supply/Prefabs/Books/Book_1H.prefab using Guid(9e9f85b371bfa1947aa70da2f90a151c) Importer(815301076,1909f56bfc062723c751e8b465ee728b)  -> (artifact id: '824f09fb8e5bc4d1bb79a35bd8ceb7f7') in 0.065737 seconds 
  Import took 0.071396 seconds .

========================================================================
Received Import Request.
  Time since last request: 0.000361 seconds.
  path: Assets/Books and Library Supply/Prefabs/Books/Book_1I.prefab
  artifactKey: Guid(f8e6a710e54e0c045b61dea140a93d8a) Importer(815301076,1909f56bfc062723c751e8b465ee728b)
Start importing Assets/Books and Library Supply/Prefabs/Books/Book_1I.prefab using Guid(f8e6a710e54e0c045b61dea140a93d8a) Importer(815301076,1909f56bfc062723c751e8b465ee728b)  -> (artifact id: '20a51d1211ab49154965467f0cd3c2ba') in 0.060367 seconds 
  Import took 0.068000 seconds .

========================================================================
Received Import Request.
  Time since last request: 0.000656 seconds.
  path: Assets/Books and Library Supply/Prefabs/Books/Book_1D.prefab
  artifactKey: Guid(4d759fc2677fec449b5b305ada281009) Importer(815301076,1909f56bfc062723c751e8b465ee728b)
Start importing Assets/Books and Library Supply/Prefabs/Books/Book_1D.prefab using Guid(4d759fc2677fec449b5b305ada281009) Importer(815301076,1909f56bfc062723c751e8b465ee728b)  -> (artifact id: '96e361d37125d4418c4febcadedeab91') in 0.053420 seconds 
  Import took 0.061132 seconds .

========================================================================
Received Import Request.
  Time since last request: 0.000806 seconds.
  path: Assets/Books and Library Supply/Prefabs/Books/Book_2C.prefab
  artifactKey: Guid(b634e80ae7cf820469b26d2de20f3948) Importer(815301076,1909f56bfc062723c751e8b465ee728b)
Start importing Assets/Books and Library Supply/Prefabs/Books/Book_2C.prefab using Guid(b634e80ae7cf820469b26d2de20f3948) Importer(815301076,1909f56bfc062723c751e8b465ee728b)  -> (artifact id: '5ebebf5bfb237a5a39269713fa738344') in 0.045906 seconds 
  Import took 0.051291 seconds .

========================================================================
Received Import Request.
  Time since last request: 0.000682 seconds.
  path: Assets/Books and Library Supply/Prefabs/Books/Book_1E.prefab
  artifactKey: Guid(2c88e31b94d949b42a45af6309b5a952) Importer(815301076,1909f56bfc062723c751e8b465ee728b)
Start importing Assets/Books and Library Supply/Prefabs/Books/Book_1E.prefab using Guid(2c88e31b94d949b42a45af6309b5a952) Importer(815301076,1909f56bfc062723c751e8b465ee728b)  -> (artifact id: '00e6d3c04d8fcb3ae525c5b4ebcf9285') in 0.046189 seconds 
  Import took 0.052447 seconds .

========================================================================
Received Import Request.
  Time since last request: 0.000364 seconds.
  path: Assets/Books and Library Supply/Prefabs/Books/Book_1G.prefab
  artifactKey: Guid(25ae8b9c8be4ecb48a7108e43d0498d4) Importer(815301076,1909f56bfc062723c751e8b465ee728b)
Start importing Assets/Books and Library Supply/Prefabs/Books/Book_1G.prefab using Guid(25ae8b9c8be4ecb48a7108e43d0498d4) Importer(815301076,1909f56bfc062723c751e8b465ee728b)  -> (artifact id: 'c3ebb668ffdee7337f9e674776f375b6') in 0.053331 seconds 
  Import took 0.058702 seconds .

========================================================================
Received Import Request.
  Time since last request: 0.000726 seconds.
  path: Assets/Books and Library Supply/Prefabs/Books/Book_2B.prefab
  artifactKey: Guid(d2021aea3f0cec644b37bd815dc054a1) Importer(815301076,1909f56bfc062723c751e8b465ee728b)
Start importing Assets/Books and Library Supply/Prefabs/Books/Book_2B.prefab using Guid(d2021aea3f0cec644b37bd815dc054a1) Importer(815301076,1909f56bfc062723c751e8b465ee728b)  -> (artifact id: '38cfee06f725902f8930ac11ebdb3757') in 0.055318 seconds 
  Import took 0.060748 seconds .

========================================================================
Received Import Request.
  Time since last request: 0.000393 seconds.
  path: Assets/Books and Library Supply/Prefabs/Books/Book_1B.prefab
  artifactKey: Guid(d13a6d2742d885b44ac7010a2093c14b) Importer(815301076,1909f56bfc062723c751e8b465ee728b)
Start importing Assets/Books and Library Supply/Prefabs/Books/Book_1B.prefab using Guid(d13a6d2742d885b44ac7010a2093c14b) Importer(815301076,1909f56bfc062723c751e8b465ee728b)  -> (artifact id: '7704b96a1cd095b4d0e47dfbd7055984') in 0.059802 seconds 
  Import took 0.065408 seconds .

========================================================================
Received Import Request.
  Time since last request: 0.000390 seconds.
  path: Assets/Books and Library Supply/Prefabs/Books/Book_1J.prefab
  artifactKey: Guid(44a42aa85dbe04447afc94caae6eee22) Importer(815301076,1909f56bfc062723c751e8b465ee728b)
Start importing Assets/Books and Library Supply/Prefabs/Books/Book_1J.prefab using Guid(44a42aa85dbe04447afc94caae6eee22) Importer(815301076,1909f56bfc062723c751e8b465ee728b)  -> (artifact id: '8d17fe6fb5edd20c2d1746db5491dd10') in 0.054695 seconds 
  Import took 0.063358 seconds .

========================================================================
Received Import Request.
  Time since last request: 0.000397 seconds.
  path: Assets/Books and Library Supply/Prefabs/Books/Book_3B.prefab
  artifactKey: Guid(d184bd20e82cc12478751fbc54d78f78) Importer(815301076,1909f56bfc062723c751e8b465ee728b)
Start importing Assets/Books and Library Supply/Prefabs/Books/Book_3B.prefab using Guid(d184bd20e82cc12478751fbc54d78f78) Importer(815301076,1909f56bfc062723c751e8b465ee728b)  -> (artifact id: '518e89edba24a7c634e5f7677e1a4c78') in 0.049136 seconds 
  Import took 0.055470 seconds .

========================================================================
Received Import Request.
  Time since last request: 0.000379 seconds.
  path: Assets/Books and Library Supply/Prefabs/Books/Book_1F.prefab
  artifactKey: Guid(5e9ac6a7a36199f468011af4bcbc771a) Importer(815301076,1909f56bfc062723c751e8b465ee728b)
Start importing Assets/Books and Library Supply/Prefabs/Books/Book_1F.prefab using Guid(5e9ac6a7a36199f468011af4bcbc771a) Importer(815301076,1909f56bfc062723c751e8b465ee728b)  -> (artifact id: '05fb46a464ad9053cfb8521839c6071a') in 0.052005 seconds 
  Import took 0.057957 seconds .

========================================================================
Received Import Request.
  Time since last request: 0.000529 seconds.
  path: Assets/Books and Library Supply/Prefabs/Books/Book_1C.prefab
  artifactKey: Guid(1d9725ca3fa38444e9c4216ed4453687) Importer(815301076,1909f56bfc062723c751e8b465ee728b)
Start importing Assets/Books and Library Supply/Prefabs/Books/Book_1C.prefab using Guid(1d9725ca3fa38444e9c4216ed4453687) Importer(815301076,1909f56bfc062723c751e8b465ee728b)  -> (artifact id: '89b64fb289f25a3045d4486c856498a6') in 0.052214 seconds 
  Import took 0.058267 seconds .

========================================================================
Received Import Request.
  Time since last request: 0.000063 seconds.
  path: Assets/Books and Library Supply/Prefabs/Books/Book_2A.prefab
  artifactKey: Guid(6baf3f760631fcb4487d53b9933507d9) Importer(815301076,1909f56bfc062723c751e8b465ee728b)
Start importing Assets/Books and Library Supply/Prefabs/Books/Book_2A.prefab using Guid(6baf3f760631fcb4487d53b9933507d9) Importer(815301076,1909f56bfc062723c751e8b465ee728b)  -> (artifact id: 'ac51844abb29fcfcad1a27d715b58d3b') in 0.050990 seconds 
  Import took 0.056646 seconds .

========================================================================
Received Import Request.
  Time since last request: 16.835983 seconds.
  path: Assets/Books and Library Supply/Prefabs/Candles/Candle_1A.prefab
  artifactKey: Guid(33bc37a3695b013418a4c894b96a4894) Importer(815301076,1909f56bfc062723c751e8b465ee728b)
Start importing Assets/Books and Library Supply/Prefabs/Candles/Candle_1A.prefab using Guid(33bc37a3695b013418a4c894b96a4894) Importer(815301076,1909f56bfc062723c751e8b465ee728b)  -> (artifact id: '797f43244048aaa05173207f5b14e21b') in 0.033660 seconds 
  Import took 0.040492 seconds .

========================================================================
Received Import Request.
  Time since last request: 0.000308 seconds.
  path: Assets/Books and Library Supply/Prefabs/Candles/Candle_2B.prefab
  artifactKey: Guid(147efc13ea9c1854ca759e2b15cfcc02) Importer(815301076,1909f56bfc062723c751e8b465ee728b)
Start importing Assets/Books and Library Supply/Prefabs/Candles/Candle_2B.prefab using Guid(147efc13ea9c1854ca759e2b15cfcc02) Importer(815301076,1909f56bfc062723c751e8b465ee728b)  -> (artifact id: 'd8dbb496b67eb74a2f970511b5089647') in 0.045202 seconds 
  Import took 0.054559 seconds .

========================================================================
Received Import Request.
  Time since last request: 0.000418 seconds.
  path: Assets/Books and Library Supply/Prefabs/Candles/Candle_2C.prefab
  artifactKey: Guid(6fd04ea585584354dafdce02953a492c) Importer(815301076,1909f56bfc062723c751e8b465ee728b)
Start importing Assets/Books and Library Supply/Prefabs/Candles/Candle_2C.prefab using Guid(6fd04ea585584354dafdce02953a492c) Importer(815301076,1909f56bfc062723c751e8b465ee728b)  -> (artifact id: '9a9e7dcc2556ca13258e14a3889cf5eb') in 0.054411 seconds 
  Import took 0.060609 seconds .

========================================================================
Received Import Request.
  Time since last request: 0.000385 seconds.
  path: Assets/Books and Library Supply/Prefabs/Candles/Candle_Stand_1A.prefab
  artifactKey: Guid(cbc3ec6bbed00de4bade6f8dec5c934b) Importer(815301076,1909f56bfc062723c751e8b465ee728b)
Start importing Assets/Books and Library Supply/Prefabs/Candles/Candle_Stand_1A.prefab using Guid(cbc3ec6bbed00de4bade6f8dec5c934b) Importer(815301076,1909f56bfc062723c751e8b465ee728b)  -> (artifact id: '5b966f14e7730a36463f028243642654') in 0.051373 seconds 
  Import took 0.057316 seconds .

========================================================================
Received Import Request.
  Time since last request: 0.000394 seconds.
  path: Assets/Books and Library Supply/Prefabs/Candles/Candle_1B.prefab
  artifactKey: Guid(86f1945c74cdf0f40ab4d88d5c4080ba) Importer(815301076,1909f56bfc062723c751e8b465ee728b)
Start importing Assets/Books and Library Supply/Prefabs/Candles/Candle_1B.prefab using Guid(86f1945c74cdf0f40ab4d88d5c4080ba) Importer(815301076,1909f56bfc062723c751e8b465ee728b)  -> (artifact id: '09e014dce5256ca81756bb09c53032f5') in 0.043690 seconds 
  Import took 0.048935 seconds .

========================================================================
Received Import Request.
  Time since last request: 0.000429 seconds.
  path: Assets/Books and Library Supply/Prefabs/Candles/Candle_1C.prefab
  artifactKey: Guid(819ee06c291a2674b83929de8307d395) Importer(815301076,1909f56bfc062723c751e8b465ee728b)
Start importing Assets/Books and Library Supply/Prefabs/Candles/Candle_1C.prefab using Guid(819ee06c291a2674b83929de8307d395) Importer(815301076,1909f56bfc062723c751e8b465ee728b)  -> (artifact id: '85127ea0a1745381e97ab916e496c542') in 0.041259 seconds 
  Import took 0.047819 seconds .

========================================================================
Received Import Request.
  Time since last request: 0.000406 seconds.
  path: Assets/Books and Library Supply/Prefabs/Candles/Candle_2A.prefab
  artifactKey: Guid(cd0e0ff96de0a2943a1580224e7dc9e4) Importer(815301076,1909f56bfc062723c751e8b465ee728b)
Start importing Assets/Books and Library Supply/Prefabs/Candles/Candle_2A.prefab using Guid(cd0e0ff96de0a2943a1580224e7dc9e4) Importer(815301076,1909f56bfc062723c751e8b465ee728b)  -> (artifact id: 'ac55adb99b9ca41eb7230514657286d9') in 0.048371 seconds 
  Import took 0.053936 seconds .

========================================================================
Received Import Request.
  Time since last request: 0.000436 seconds.
  path: Assets/Books and Library Supply/Prefabs/Candles/Candle_1C.prefab
  artifactKey: Guid(819ee06c291a2674b83929de8307d395) Importer(815301076,1909f56bfc062723c751e8b465ee728b)
Start importing Assets/Books and Library Supply/Prefabs/Candles/Candle_1C.prefab using Guid(819ee06c291a2674b83929de8307d395) Importer(815301076,1909f56bfc062723c751e8b465ee728b)  -> (artifact id: '85127ea0a1745381e97ab916e496c542') in 0.033824 seconds 
  Import took 0.040735 seconds .

========================================================================
Received Import Request.
  Time since last request: 0.000309 seconds.
  path: Assets/Books and Library Supply/Prefabs/Candles/Candle_Group_1A.prefab
  artifactKey: Guid(a836e757f4ad233438a7f9fd173d30f5) Importer(815301076,1909f56bfc062723c751e8b465ee728b)
Start importing Assets/Books and Library Supply/Prefabs/Candles/Candle_Group_1A.prefab using Guid(a836e757f4ad233438a7f9fd173d30f5) Importer(815301076,1909f56bfc062723c751e8b465ee728b)  -> (artifact id: '0791ee8e6a11ccdf8e629e3082acc00d') in 0.045849 seconds 
  Import took 0.053833 seconds .

========================================================================
Received Import Request.
  Time since last request: 0.008736 seconds.
  path: Assets/Books and Library Supply/Prefabs/Candles/Candle_Group_1A.prefab
  artifactKey: Guid(a836e757f4ad233438a7f9fd173d30f5) Importer(815301076,1909f56bfc062723c751e8b465ee728b)
Start importing Assets/Books and Library Supply/Prefabs/Candles/Candle_Group_1A.prefab using Guid(a836e757f4ad233438a7f9fd173d30f5) Importer(815301076,1909f56bfc062723c751e8b465ee728b)  -> (artifact id: '0791ee8e6a11ccdf8e629e3082acc00d') in 0.032061 seconds 
  Import took 0.040146 seconds .

========================================================================
Received Import Request.
  Time since last request: 1.406293 seconds.
  path: Assets/Books and Library Supply/Prefabs/Modules/Bookshelf_Module_1A.prefab
  artifactKey: Guid(baa2ef049d16d9546b1467d4cc1eb8a6) Importer(815301076,1909f56bfc062723c751e8b465ee728b)
Start importing Assets/Books and Library Supply/Prefabs/Modules/Bookshelf_Module_1A.prefab using Guid(baa2ef049d16d9546b1467d4cc1eb8a6) Importer(815301076,1909f56bfc062723c751e8b465ee728b)  -> (artifact id: '6c525872d6b28602d6df239a66b1298f') in 0.461712 seconds 
  Import took 0.468899 seconds .

========================================================================
Received Import Request.
  Time since last request: 0.000362 seconds.
  path: Assets/Books and Library Supply/Prefabs/Modules/Table_Module_1A.prefab
  artifactKey: Guid(a458a167c1faf71499b1d49303a246a1) Importer(815301076,1909f56bfc062723c751e8b465ee728b)
Start importing Assets/Books and Library Supply/Prefabs/Modules/Table_Module_1A.prefab using Guid(a458a167c1faf71499b1d49303a246a1) Importer(815301076,1909f56bfc062723c751e8b465ee728b)  -> (artifact id: 'ebbdde36ac9a7bb1f7f6c575200ec68f') in 0.092266 seconds 
  Import took 0.099045 seconds .

========================================================================
Received Import Request.
  Time since last request: 0.000340 seconds.
  path: Assets/Books and Library Supply/Prefabs/Modules/Table_Module_2D.prefab
  artifactKey: Guid(eb608a7333fe5ea438e91ce03848c98c) Importer(815301076,1909f56bfc062723c751e8b465ee728b)
Start importing Assets/Books and Library Supply/Prefabs/Modules/Table_Module_2D.prefab using Guid(eb608a7333fe5ea438e91ce03848c98c) Importer(815301076,1909f56bfc062723c751e8b465ee728b)  -> (artifact id: '067a8767b7dbdc0e970b441cc92271f4') in 0.088317 seconds 
  Import took 0.101183 seconds .

========================================================================
Received Import Request.
  Time since last request: 0.001093 seconds.
  path: Assets/Books and Library Supply/Prefabs/Modules/Bookshelf_Module_2A.prefab
  artifactKey: Guid(a4c4b7181d69589408f981234a21c0fa) Importer(815301076,1909f56bfc062723c751e8b465ee728b)
Start importing Assets/Books and Library Supply/Prefabs/Modules/Bookshelf_Module_2A.prefab using Guid(a4c4b7181d69589408f981234a21c0fa) Importer(815301076,1909f56bfc062723c751e8b465ee728b)  -> (artifact id: '0b584a649e896db1d59570ac51734e68') in 0.090756 seconds 
  Import took 0.096261 seconds .

========================================================================
Received Import Request.
  Time since last request: 0.000479 seconds.
  path: Assets/Books and Library Supply/Prefabs/Modules/Demo_Module_Example.prefab
  artifactKey: Guid(930189cba1e45ae4db56f9082f2be001) Importer(815301076,1909f56bfc062723c751e8b465ee728b)
Start importing Assets/Books and Library Supply/Prefabs/Modules/Demo_Module_Example.prefab using Guid(930189cba1e45ae4db56f9082f2be001) Importer(815301076,1909f56bfc062723c751e8b465ee728b)  -> (artifact id: '656afedfce00955b047714955d4cf279') in 0.575155 seconds 
  Import took 0.586247 seconds .

========================================================================
Received Import Request.
  Time since last request: 0.000363 seconds.
  path: Assets/Books and Library Supply/Prefabs/Modules/Table_Module_2B.prefab
  artifactKey: Guid(d19a5374563daf7469608d50ab47e03d) Importer(815301076,1909f56bfc062723c751e8b465ee728b)
Start importing Assets/Books and Library Supply/Prefabs/Modules/Table_Module_2B.prefab using Guid(d19a5374563daf7469608d50ab47e03d) Importer(815301076,1909f56bfc062723c751e8b465ee728b)  -> (artifact id: '9056e5a3138c2b380b38130a3bac6790') in 0.057876 seconds 
  Import took 0.063634 seconds .

========================================================================
Received Import Request.
  Time since last request: 0.000353 seconds.
  path: Assets/Books and Library Supply/Prefabs/Modules/Bookshelf_Module_1D.prefab
  artifactKey: Guid(a48bd6c0fc8d494488a93edf2ea0d65b) Importer(815301076,1909f56bfc062723c751e8b465ee728b)
Start importing Assets/Books and Library Supply/Prefabs/Modules/Bookshelf_Module_1D.prefab using Guid(a48bd6c0fc8d494488a93edf2ea0d65b) Importer(815301076,1909f56bfc062723c751e8b465ee728b)  -> (artifact id: '9d192d360d0657769ca7e9207c1b8f54') in 0.057402 seconds 
  Import took 0.062742 seconds .

========================================================================
Received Import Request.
  Time since last request: 0.000312 seconds.
  path: Assets/Books and Library Supply/Prefabs/Modules/Table_Module_3B.prefab
  artifactKey: Guid(42cdcd17a59452e429d166f4c22c65b4) Importer(815301076,1909f56bfc062723c751e8b465ee728b)
Start importing Assets/Books and Library Supply/Prefabs/Modules/Table_Module_3B.prefab using Guid(42cdcd17a59452e429d166f4c22c65b4) Importer(815301076,1909f56bfc062723c751e8b465ee728b)  -> (artifact id: 'f1cb686ff44f639e885b990aa2bb39f3') in 0.053643 seconds 
  Import took 0.058771 seconds .

========================================================================
Received Import Request.
  Time since last request: 0.000505 seconds.
  path: Assets/Books and Library Supply/Prefabs/Modules/Table_Module_2C.prefab
  artifactKey: Guid(a8653f89421345a4e8e51a75dbaeea8b) Importer(815301076,1909f56bfc062723c751e8b465ee728b)
Start importing Assets/Books and Library Supply/Prefabs/Modules/Table_Module_2C.prefab using Guid(a8653f89421345a4e8e51a75dbaeea8b) Importer(815301076,1909f56bfc062723c751e8b465ee728b)  -> (artifact id: '50a709d598e12bf68233ee2c169c8b0f') in 0.050381 seconds 
  Import took 0.055709 seconds .

========================================================================
Received Import Request.
  Time since last request: 0.000728 seconds.
  path: Assets/Books and Library Supply/Prefabs/Modules/Bookshelf_Module_1C.prefab
  artifactKey: Guid(b2fbe51e235c76b4781b285a4a95d647) Importer(815301076,1909f56bfc062723c751e8b465ee728b)
Start importing Assets/Books and Library Supply/Prefabs/Modules/Bookshelf_Module_1C.prefab using Guid(b2fbe51e235c76b4781b285a4a95d647) Importer(815301076,1909f56bfc062723c751e8b465ee728b)  -> (artifact id: '97e6cb8cee497cf6d7c127d4da9b3745') in 0.063585 seconds 
  Import took 0.070370 seconds .

========================================================================
Received Import Request.
  Time since last request: 0.000378 seconds.
  path: Assets/Books and Library Supply/Prefabs/Modules/Table_Module_1A(Candle_Light).prefab
  artifactKey: Guid(4d112b8aa13a1e94dbfc7af4da9546c9) Importer(815301076,1909f56bfc062723c751e8b465ee728b)
Start importing Assets/Books and Library Supply/Prefabs/Modules/Table_Module_1A(Candle_Light).prefab using Guid(4d112b8aa13a1e94dbfc7af4da9546c9) Importer(815301076,1909f56bfc062723c751e8b465ee728b)  -> (artifact id: '81c97283fc0ca17f770ded7a10079409') in 0.055637 seconds 
  Import took 0.061251 seconds .

========================================================================
Received Import Request.
  Time since last request: 0.000340 seconds.
  path: Assets/Books and Library Supply/Prefabs/Modules/Table_Module_2A.prefab
  artifactKey: Guid(9356043a18904b04c90f4f5e3e30c26c) Importer(815301076,1909f56bfc062723c751e8b465ee728b)
Start importing Assets/Books and Library Supply/Prefabs/Modules/Table_Module_2A.prefab using Guid(9356043a18904b04c90f4f5e3e30c26c) Importer(815301076,1909f56bfc062723c751e8b465ee728b)  -> (artifact id: 'bbe655125660a0034d26597985900988') in 0.044681 seconds 
  Import took 0.049897 seconds .

========================================================================
Received Import Request.
  Time since last request: 0.000415 seconds.
  path: Assets/Books and Library Supply/Prefabs/Modules/Bookshelf_Module_1B.prefab
  artifactKey: Guid(68924c2d3834cf847ac8f8c679fb8163) Importer(815301076,1909f56bfc062723c751e8b465ee728b)
Start importing Assets/Books and Library Supply/Prefabs/Modules/Bookshelf_Module_1B.prefab using Guid(68924c2d3834cf847ac8f8c679fb8163) Importer(815301076,1909f56bfc062723c751e8b465ee728b)  -> (artifact id: '654779e15727f01cc5f29afdb271273c') in 0.047750 seconds 
  Import took 0.053087 seconds .

========================================================================
Received Import Request.
  Time since last request: 0.000380 seconds.
  path: Assets/Books and Library Supply/Prefabs/Modules/Table_Module_2B(Candle_Light).prefab
  artifactKey: Guid(d9c22a969c96f4c408446a595d5adfbe) Importer(815301076,1909f56bfc062723c751e8b465ee728b)
Start importing Assets/Books and Library Supply/Prefabs/Modules/Table_Module_2B(Candle_Light).prefab using Guid(d9c22a969c96f4c408446a595d5adfbe) Importer(815301076,1909f56bfc062723c751e8b465ee728b)  -> (artifact id: '145d477e2d81c633dc9488d9129ca959') in 0.046744 seconds 
  Import took 0.056825 seconds .

========================================================================
Received Import Request.
  Time since last request: 0.000318 seconds.
  path: Assets/Books and Library Supply/Prefabs/Modules/Bookshelf_Module_2B.prefab
  artifactKey: Guid(73597611b33a57145a8771d6d165829f) Importer(815301076,1909f56bfc062723c751e8b465ee728b)
Start importing Assets/Books and Library Supply/Prefabs/Modules/Bookshelf_Module_2B.prefab using Guid(73597611b33a57145a8771d6d165829f) Importer(815301076,1909f56bfc062723c751e8b465ee728b)  -> (artifact id: 'a103248c11172f55b7167cc464f1a5cc') in 0.064749 seconds 
  Import took 0.072412 seconds .

========================================================================
Received Import Request.
  Time since last request: 0.000390 seconds.
  path: Assets/Books and Library Supply/Prefabs/Modules/Table_Module_2A(Candle_Light).prefab
  artifactKey: Guid(a6fdec27d0886e344b53f15326d6eb69) Importer(815301076,1909f56bfc062723c751e8b465ee728b)
Start importing Assets/Books and Library Supply/Prefabs/Modules/Table_Module_2A(Candle_Light).prefab using Guid(a6fdec27d0886e344b53f15326d6eb69) Importer(815301076,1909f56bfc062723c751e8b465ee728b)  -> (artifact id: '9337ebf3f5a1ae82583ff69c13b7a334') in 0.049065 seconds 
  Import took 0.054719 seconds .

========================================================================
Received Import Request.
  Time since last request: 0.000462 seconds.
  path: Assets/Books and Library Supply/Prefabs/Modules/Table_Module_3A.prefab
  artifactKey: Guid(cf8360a036e00c940a7362d645cf616f) Importer(815301076,1909f56bfc062723c751e8b465ee728b)
Start importing Assets/Books and Library Supply/Prefabs/Modules/Table_Module_3A.prefab using Guid(cf8360a036e00c940a7362d645cf616f) Importer(815301076,1909f56bfc062723c751e8b465ee728b)  -> (artifact id: 'a644833979c8b5e1e83c469e5f856d4d') in 0.064452 seconds 
  Import took 0.070898 seconds .

========================================================================
Received Import Request.
  Time since last request: 0.000381 seconds.
  path: Assets/Books and Library Supply/Prefabs/Modules/Table_Module_3C.prefab
  artifactKey: Guid(700f7b95f92357340b483bab6e608474) Importer(815301076,1909f56bfc062723c751e8b465ee728b)
Start importing Assets/Books and Library Supply/Prefabs/Modules/Table_Module_3C.prefab using Guid(700f7b95f92357340b483bab6e608474) Importer(815301076,1909f56bfc062723c751e8b465ee728b)  -> (artifact id: 'f012ad4e9b46fa2c28fe92ba0039879f') in 0.059341 seconds 
  Import took 0.064756 seconds .

========================================================================
Received Import Request.
  Time since last request: 0.000414 seconds.
  path: Assets/Books and Library Supply/Prefabs/Modules/Table_Module_3D.prefab
  artifactKey: Guid(fc4a3aff67c882541bfc7acb2222fbb4) Importer(815301076,1909f56bfc062723c751e8b465ee728b)
Start importing Assets/Books and Library Supply/Prefabs/Modules/Table_Module_3D.prefab using Guid(fc4a3aff67c882541bfc7acb2222fbb4) Importer(815301076,1909f56bfc062723c751e8b465ee728b)  -> (artifact id: '1ccc73c2b16ee781e1baa208ce0cd2fe') in 0.059702 seconds 
  Import took 0.065526 seconds .

========================================================================
Received Prepare
Registering precompiled user dll's ...
Registered in 0.015456 seconds.
Begin MonoManager ReloadAssembly
Native extension for WindowsStandalone target not found
Refreshing native plugins compatible for Editor in 1.55 ms, found 2 plugins.
Preloading 0 native plugins for Editor in 0.00 ms.
Mono: successfully reloaded assembly
- Completed reload, in  4.125 seconds
Domain Reload Profiling:
	ReloadAssembly (4126ms)
		BeginReloadAssembly (427ms)
			ExecutionOrderSort (0ms)
			DisableScriptedObjects (21ms)
			BackupInstance (0ms)
			ReleaseScriptingObjects (0ms)
			CreateAndSetChildDomain (119ms)
		EndReloadAssembly (3445ms)
			LoadAssemblies (361ms)
			RebuildTransferFunctionScriptingTraits (0ms)
			SetupTypeCache (1232ms)
			ReleaseScriptCaches (3ms)
			RebuildScriptCaches (161ms)
			SetupLoadedEditorAssemblies (1364ms)
				LogAssemblyErrors (0ms)
				InitializePlatformSupportModulesInManaged (21ms)
				SetLoadedEditorAssemblies (1ms)
				RefreshPlugins (2ms)
				BeforeProcessingInitializeOnLoad (201ms)
				ProcessInitializeOnLoadAttributes (1089ms)
				ProcessInitializeOnLoadMethodAttributes (18ms)
				AfterProcessingInitializeOnLoad (31ms)
				EditorAssembliesLoaded (1ms)
			ExecutionOrderSort2 (0ms)
			AwakeInstancesAfterBackupRestoration (25ms)
Platform modules already initialized, skipping
Refreshing native plugins compatible for Editor in 2.61 ms, found 2 plugins.
Preloading 0 native plugins for Editor in 0.00 ms.
Unloading 1819 Unused Serialized files (Serialized files now loaded: 0)
System memory in use before: 87.2 MB.
System memory in use after: 87.3 MB.

Unloading 13 unused Assets to reduce memory usage. Loaded Objects now: 2317.
Total: 6.641100 ms (FindLiveObjects: 0.623700 ms CreateObjectMapping: 0.351000 ms MarkObjects: 5.626100 ms  DeleteObjects: 0.037800 ms)

AssetImportParameters requested are different than current active one (requested -> active):
  custom:framework-win-MediaFoundation: 216162199b28c13a410421893ffa2e32 -> 
  custom:video-decoder-ogg-theora: a1e56fd34408186e4bbccfd4996cb3dc -> 
  custom:container-muxer-webm: aa71ff27fc2769a1b78a27578f13a17b -> 
  custom:container-demuxer-webm: 4f35f7cbe854078d1ac9338744f61a02 -> 
  custom:container-demuxer-ogg: 62fdf1f143b41e24485cea50d1cbac27 -> 
  custom:video-encoder-webm-vp8: eb34c28f22e8b96e1ab97ce403110664 -> 
  custom:video-codec-MediaFoundation-h265: 746d11721c4dcdbdad8f713fa42b33f4 -> 
  custom:video-decoder-webm-vp8: 9c59270c3fd7afecdb556c50c9e8de78 -> 
  custom:audio-decoder-ogg-vorbis: bf7c407c2cedff20999df2af8eb42d56 -> 
  custom:audio-encoder-webm-vorbis: bf7c407c2cedff20999df2af8eb42d56 -> 
========================================================================
Received Prepare
Registering precompiled user dll's ...
Registered in 0.010501 seconds.
Begin MonoManager ReloadAssembly
Native extension for WindowsStandalone target not found
Refreshing native plugins compatible for Editor in 0.96 ms, found 2 plugins.
Preloading 0 native plugins for Editor in 0.00 ms.
Mono: successfully reloaded assembly
- Completed reload, in  2.479 seconds
Domain Reload Profiling:
	ReloadAssembly (2480ms)
		BeginReloadAssembly (243ms)
			ExecutionOrderSort (0ms)
			DisableScriptedObjects (9ms)
			BackupInstance (0ms)
			ReleaseScriptingObjects (0ms)
			CreateAndSetChildDomain (78ms)
		EndReloadAssembly (2073ms)
			LoadAssemblies (193ms)
			RebuildTransferFunctionScriptingTraits (0ms)
			SetupTypeCache (720ms)
			ReleaseScriptCaches (3ms)
			RebuildScriptCaches (87ms)
			SetupLoadedEditorAssemblies (868ms)
				LogAssemblyErrors (0ms)
				InitializePlatformSupportModulesInManaged (10ms)
				SetLoadedEditorAssemblies (2ms)
				RefreshPlugins (1ms)
				BeforeProcessingInitializeOnLoad (127ms)
				ProcessInitializeOnLoadAttributes (704ms)
				ProcessInitializeOnLoadMethodAttributes (8ms)
				AfterProcessingInitializeOnLoad (16ms)
				EditorAssembliesLoaded (0ms)
			ExecutionOrderSort2 (0ms)
			AwakeInstancesAfterBackupRestoration (13ms)
Platform modules already initialized, skipping
Refreshing native plugins compatible for Editor in 0.89 ms, found 2 plugins.
Preloading 0 native plugins for Editor in 0.00 ms.
Unloading 1819 Unused Serialized files (Serialized files now loaded: 0)
System memory in use before: 87.2 MB.
System memory in use after: 87.3 MB.

Unloading 13 unused Assets to reduce memory usage. Loaded Objects now: 2320.
Total: 4.727500 ms (FindLiveObjects: 0.365500 ms CreateObjectMapping: 0.104800 ms MarkObjects: 4.210600 ms  DeleteObjects: 0.044200 ms)

AssetImportParameters requested are different than current active one (requested -> active):
  custom:framework-win-MediaFoundation: 216162199b28c13a410421893ffa2e32 -> 
  custom:video-decoder-ogg-theora: a1e56fd34408186e4bbccfd4996cb3dc -> 
  custom:container-muxer-webm: aa71ff27fc2769a1b78a27578f13a17b -> 
  custom:container-demuxer-webm: 4f35f7cbe854078d1ac9338744f61a02 -> 
  custom:container-demuxer-ogg: 62fdf1f143b41e24485cea50d1cbac27 -> 
  custom:video-encoder-webm-vp8: eb34c28f22e8b96e1ab97ce403110664 -> 
  custom:video-codec-MediaFoundation-h265: 746d11721c4dcdbdad8f713fa42b33f4 -> 
  custom:video-decoder-webm-vp8: 9c59270c3fd7afecdb556c50c9e8de78 -> 
  custom:audio-decoder-ogg-vorbis: bf7c407c2cedff20999df2af8eb42d56 -> 
  custom:audio-encoder-webm-vorbis: bf7c407c2cedff20999df2af8eb42d56 -> 
========================================================================
Received Prepare
Registering precompiled user dll's ...
Registered in 0.008227 seconds.
Begin MonoManager ReloadAssembly
Native extension for WindowsStandalone target not found
Refreshing native plugins compatible for Editor in 1.33 ms, found 2 plugins.
Preloading 0 native plugins for Editor in 0.00 ms.
Mono: successfully reloaded assembly
- Completed reload, in  4.021 seconds
Domain Reload Profiling:
	ReloadAssembly (4022ms)
		BeginReloadAssembly (399ms)
			ExecutionOrderSort (0ms)
			DisableScriptedObjects (19ms)
			BackupInstance (0ms)
			ReleaseScriptingObjects (0ms)
			CreateAndSetChildDomain (105ms)
		EndReloadAssembly (3368ms)
			LoadAssemblies (346ms)
			RebuildTransferFunctionScriptingTraits (0ms)
			SetupTypeCache (1150ms)
			ReleaseScriptCaches (2ms)
			RebuildScriptCaches (161ms)
			SetupLoadedEditorAssemblies (1352ms)
				LogAssemblyErrors (0ms)
				InitializePlatformSupportModulesInManaged (20ms)
				SetLoadedEditorAssemblies (1ms)
				RefreshPlugins (1ms)
				BeforeProcessingInitializeOnLoad (185ms)
				ProcessInitializeOnLoadAttributes (1093ms)
				ProcessInitializeOnLoadMethodAttributes (16ms)
				AfterProcessingInitializeOnLoad (35ms)
				EditorAssembliesLoaded (1ms)
			ExecutionOrderSort2 (0ms)
			AwakeInstancesAfterBackupRestoration (24ms)
Platform modules already initialized, skipping
Refreshing native plugins compatible for Editor in 5.11 ms, found 2 plugins.
Preloading 0 native plugins for Editor in 0.00 ms.
Unloading 1819 Unused Serialized files (Serialized files now loaded: 0)
System memory in use before: 87.2 MB.
System memory in use after: 87.4 MB.

Unloading 13 unused Assets to reduce memory usage. Loaded Objects now: 2323.
Total: 12.909700 ms (FindLiveObjects: 0.990800 ms CreateObjectMapping: 0.460200 ms MarkObjects: 11.414800 ms  DeleteObjects: 0.041600 ms)

AssetImportParameters requested are different than current active one (requested -> active):
  custom:framework-win-MediaFoundation: 216162199b28c13a410421893ffa2e32 -> 
  custom:video-decoder-ogg-theora: a1e56fd34408186e4bbccfd4996cb3dc -> 
  custom:container-muxer-webm: aa71ff27fc2769a1b78a27578f13a17b -> 
  custom:container-demuxer-webm: 4f35f7cbe854078d1ac9338744f61a02 -> 
  custom:container-demuxer-ogg: 62fdf1f143b41e24485cea50d1cbac27 -> 
  custom:video-encoder-webm-vp8: eb34c28f22e8b96e1ab97ce403110664 -> 
  custom:video-codec-MediaFoundation-h265: 746d11721c4dcdbdad8f713fa42b33f4 -> 
  custom:video-decoder-webm-vp8: 9c59270c3fd7afecdb556c50c9e8de78 -> 
  custom:audio-decoder-ogg-vorbis: bf7c407c2cedff20999df2af8eb42d56 -> 
  custom:audio-encoder-webm-vorbis: bf7c407c2cedff20999df2af8eb42d56 -> 
========================================================================
Received Prepare
Registering precompiled user dll's ...
Registered in 0.007841 seconds.
Begin MonoManager ReloadAssembly
Native extension for WindowsStandalone target not found
Refreshing native plugins compatible for Editor in 0.89 ms, found 2 plugins.
Preloading 0 native plugins for Editor in 0.00 ms.
Mono: successfully reloaded assembly
- Completed reload, in  2.441 seconds
Domain Reload Profiling:
	ReloadAssembly (2442ms)
		BeginReloadAssembly (274ms)
			ExecutionOrderSort (0ms)
			DisableScriptedObjects (11ms)
			BackupInstance (0ms)
			ReleaseScriptingObjects (0ms)
			CreateAndSetChildDomain (81ms)
		EndReloadAssembly (2010ms)
			LoadAssemblies (208ms)
			RebuildTransferFunctionScriptingTraits (0ms)
			SetupTypeCache (693ms)
			ReleaseScriptCaches (1ms)
			RebuildScriptCaches (87ms)
			SetupLoadedEditorAssemblies (822ms)
				LogAssemblyErrors (0ms)
				InitializePlatformSupportModulesInManaged (9ms)
				SetLoadedEditorAssemblies (1ms)
				RefreshPlugins (1ms)
				BeforeProcessingInitializeOnLoad (114ms)
				ProcessInitializeOnLoadAttributes (664ms)
				ProcessInitializeOnLoadMethodAttributes (9ms)
				AfterProcessingInitializeOnLoad (24ms)
				EditorAssembliesLoaded (0ms)
			ExecutionOrderSort2 (0ms)
			AwakeInstancesAfterBackupRestoration (15ms)
Platform modules already initialized, skipping
Refreshing native plugins compatible for Editor in 1.18 ms, found 2 plugins.
Preloading 0 native plugins for Editor in 0.00 ms.
Unloading 1819 Unused Serialized files (Serialized files now loaded: 0)
System memory in use before: 87.3 MB.
System memory in use after: 87.4 MB.

Unloading 13 unused Assets to reduce memory usage. Loaded Objects now: 2326.
Total: 5.394400 ms (FindLiveObjects: 1.053000 ms CreateObjectMapping: 0.261200 ms MarkObjects: 4.033700 ms  DeleteObjects: 0.043600 ms)

AssetImportParameters requested are different than current active one (requested -> active):
  custom:framework-win-MediaFoundation: 216162199b28c13a410421893ffa2e32 -> 
  custom:video-decoder-ogg-theora: a1e56fd34408186e4bbccfd4996cb3dc -> 
  custom:container-muxer-webm: aa71ff27fc2769a1b78a27578f13a17b -> 
  custom:container-demuxer-webm: 4f35f7cbe854078d1ac9338744f61a02 -> 
  custom:container-demuxer-ogg: 62fdf1f143b41e24485cea50d1cbac27 -> 
  custom:video-encoder-webm-vp8: eb34c28f22e8b96e1ab97ce403110664 -> 
  custom:video-codec-MediaFoundation-h265: 746d11721c4dcdbdad8f713fa42b33f4 -> 
  custom:video-decoder-webm-vp8: 9c59270c3fd7afecdb556c50c9e8de78 -> 
  custom:audio-decoder-ogg-vorbis: bf7c407c2cedff20999df2af8eb42d56 -> 
  custom:audio-encoder-webm-vorbis: bf7c407c2cedff20999df2af8eb42d56 -> 
========================================================================
Received Prepare
Registering precompiled user dll's ...
Registered in 0.026706 seconds.
Begin MonoManager ReloadAssembly
Native extension for WindowsStandalone target not found
Refreshing native plugins compatible for Editor in 0.93 ms, found 2 plugins.
Preloading 0 native plugins for Editor in 0.00 ms.
Mono: successfully reloaded assembly
- Completed reload, in  3.073 seconds
Domain Reload Profiling:
	ReloadAssembly (3073ms)
		BeginReloadAssembly (293ms)
			ExecutionOrderSort (0ms)
			DisableScriptedObjects (9ms)
			BackupInstance (0ms)
			ReleaseScriptingObjects (0ms)
			CreateAndSetChildDomain (95ms)
		EndReloadAssembly (2593ms)
			LoadAssemblies (230ms)
			RebuildTransferFunctionScriptingTraits (3ms)
			SetupTypeCache (833ms)
			ReleaseScriptCaches (2ms)
			RebuildScriptCaches (108ms)
			SetupLoadedEditorAssemblies (1144ms)
				LogAssemblyErrors (0ms)
				InitializePlatformSupportModulesInManaged (12ms)
				SetLoadedEditorAssemblies (2ms)
				RefreshPlugins (1ms)
				BeforeProcessingInitializeOnLoad (159ms)
				ProcessInitializeOnLoadAttributes (940ms)
				ProcessInitializeOnLoadMethodAttributes (8ms)
				AfterProcessingInitializeOnLoad (21ms)
				EditorAssembliesLoaded (0ms)
			ExecutionOrderSort2 (0ms)
			AwakeInstancesAfterBackupRestoration (15ms)
Platform modules already initialized, skipping
Refreshing native plugins compatible for Editor in 0.91 ms, found 2 plugins.
Preloading 0 native plugins for Editor in 0.00 ms.
Unloading 1819 Unused Serialized files (Serialized files now loaded: 0)
System memory in use before: 87.3 MB.
System memory in use after: 87.4 MB.

Unloading 13 unused Assets to reduce memory usage. Loaded Objects now: 2329.
Total: 8.296900 ms (FindLiveObjects: 0.828300 ms CreateObjectMapping: 0.309700 ms MarkObjects: 7.119100 ms  DeleteObjects: 0.037500 ms)

AssetImportParameters requested are different than current active one (requested -> active):
  custom:framework-win-MediaFoundation: 216162199b28c13a410421893ffa2e32 -> 
  custom:video-decoder-ogg-theora: a1e56fd34408186e4bbccfd4996cb3dc -> 
  custom:container-muxer-webm: aa71ff27fc2769a1b78a27578f13a17b -> 
  custom:container-demuxer-webm: 4f35f7cbe854078d1ac9338744f61a02 -> 
  custom:container-demuxer-ogg: 62fdf1f143b41e24485cea50d1cbac27 -> 
  custom:video-encoder-webm-vp8: eb34c28f22e8b96e1ab97ce403110664 -> 
  custom:video-codec-MediaFoundation-h265: 746d11721c4dcdbdad8f713fa42b33f4 -> 
  custom:video-decoder-webm-vp8: 9c59270c3fd7afecdb556c50c9e8de78 -> 
  custom:audio-decoder-ogg-vorbis: bf7c407c2cedff20999df2af8eb42d56 -> 
  custom:audio-encoder-webm-vorbis: bf7c407c2cedff20999df2af8eb42d56 -> 
========================================================================
Received Prepare
Registering precompiled user dll's ...
Registered in 0.008957 seconds.
Begin MonoManager ReloadAssembly
Native extension for WindowsStandalone target not found
Refreshing native plugins compatible for Editor in 0.88 ms, found 2 plugins.
Preloading 0 native plugins for Editor in 0.00 ms.
Mono: successfully reloaded assembly
- Completed reload, in  2.165 seconds
Domain Reload Profiling:
	ReloadAssembly (2165ms)
		BeginReloadAssembly (210ms)
			ExecutionOrderSort (0ms)
			DisableScriptedObjects (8ms)
			BackupInstance (0ms)
			ReleaseScriptingObjects (0ms)
			CreateAndSetChildDomain (59ms)
		EndReloadAssembly (1820ms)
			LoadAssemblies (169ms)
			RebuildTransferFunctionScriptingTraits (0ms)
			SetupTypeCache (614ms)
			ReleaseScriptCaches (2ms)
			RebuildScriptCaches (89ms)
			SetupLoadedEditorAssemblies (753ms)
				LogAssemblyErrors (0ms)
				InitializePlatformSupportModulesInManaged (9ms)
				SetLoadedEditorAssemblies (2ms)
				RefreshPlugins (1ms)
				BeforeProcessingInitializeOnLoad (113ms)
				ProcessInitializeOnLoadAttributes (605ms)
				ProcessInitializeOnLoadMethodAttributes (7ms)
				AfterProcessingInitializeOnLoad (16ms)
				EditorAssembliesLoaded (0ms)
			ExecutionOrderSort2 (0ms)
			AwakeInstancesAfterBackupRestoration (13ms)
Platform modules already initialized, skipping
Refreshing native plugins compatible for Editor in 1.41 ms, found 2 plugins.
Preloading 0 native plugins for Editor in 0.00 ms.
Unloading 1819 Unused Serialized files (Serialized files now loaded: 0)
System memory in use before: 87.3 MB.
System memory in use after: 87.4 MB.

Unloading 13 unused Assets to reduce memory usage. Loaded Objects now: 2332.
Total: 6.248700 ms (FindLiveObjects: 0.385700 ms CreateObjectMapping: 0.101800 ms MarkObjects: 5.716400 ms  DeleteObjects: 0.042600 ms)

AssetImportParameters requested are different than current active one (requested -> active):
  custom:framework-win-MediaFoundation: 216162199b28c13a410421893ffa2e32 -> 
  custom:video-decoder-ogg-theora: a1e56fd34408186e4bbccfd4996cb3dc -> 
  custom:container-muxer-webm: aa71ff27fc2769a1b78a27578f13a17b -> 
  custom:container-demuxer-webm: 4f35f7cbe854078d1ac9338744f61a02 -> 
  custom:container-demuxer-ogg: 62fdf1f143b41e24485cea50d1cbac27 -> 
  custom:video-encoder-webm-vp8: eb34c28f22e8b96e1ab97ce403110664 -> 
  custom:video-codec-MediaFoundation-h265: 746d11721c4dcdbdad8f713fa42b33f4 -> 
  custom:video-decoder-webm-vp8: 9c59270c3fd7afecdb556c50c9e8de78 -> 
  custom:audio-decoder-ogg-vorbis: bf7c407c2cedff20999df2af8eb42d56 -> 
  custom:audio-encoder-webm-vorbis: bf7c407c2cedff20999df2af8eb42d56 -> 
========================================================================
Received Prepare
Registering precompiled user dll's ...
Registered in 0.014541 seconds.
Begin MonoManager ReloadAssembly
Native extension for WindowsStandalone target not found
Refreshing native plugins compatible for Editor in 1.33 ms, found 2 plugins.
Preloading 0 native plugins for Editor in 0.00 ms.
Mono: successfully reloaded assembly
- Completed reload, in  4.184 seconds
Domain Reload Profiling:
	ReloadAssembly (4185ms)
		BeginReloadAssembly (388ms)
			ExecutionOrderSort (0ms)
			DisableScriptedObjects (19ms)
			BackupInstance (0ms)
			ReleaseScriptingObjects (0ms)
			CreateAndSetChildDomain (116ms)
		EndReloadAssembly (3557ms)
			LoadAssemblies (322ms)
			RebuildTransferFunctionScriptingTraits (0ms)
			SetupTypeCache (1364ms)
			ReleaseScriptCaches (2ms)
			RebuildScriptCaches (159ms)
			SetupLoadedEditorAssemblies (1351ms)
				LogAssemblyErrors (0ms)
				InitializePlatformSupportModulesInManaged (16ms)
				SetLoadedEditorAssemblies (2ms)
				RefreshPlugins (1ms)
				BeforeProcessingInitializeOnLoad (190ms)
				ProcessInitializeOnLoadAttributes (1102ms)
				ProcessInitializeOnLoadMethodAttributes (14ms)
				AfterProcessingInitializeOnLoad (26ms)
				EditorAssembliesLoaded (1ms)
			ExecutionOrderSort2 (0ms)
			AwakeInstancesAfterBackupRestoration (29ms)
Platform modules already initialized, skipping
Refreshing native plugins compatible for Editor in 1.06 ms, found 2 plugins.
Preloading 0 native plugins for Editor in 0.00 ms.
Unloading 1819 Unused Serialized files (Serialized files now loaded: 0)
System memory in use before: 87.3 MB.
System memory in use after: 87.4 MB.

Unloading 13 unused Assets to reduce memory usage. Loaded Objects now: 2335.
Total: 16.037600 ms (FindLiveObjects: 4.696800 ms CreateObjectMapping: 0.353700 ms MarkObjects: 10.801100 ms  DeleteObjects: 0.182000 ms)

AssetImportParameters requested are different than current active one (requested -> active):
  custom:framework-win-MediaFoundation: 216162199b28c13a410421893ffa2e32 -> 
  custom:video-decoder-ogg-theora: a1e56fd34408186e4bbccfd4996cb3dc -> 
  custom:container-muxer-webm: aa71ff27fc2769a1b78a27578f13a17b -> 
  custom:container-demuxer-webm: 4f35f7cbe854078d1ac9338744f61a02 -> 
  custom:container-demuxer-ogg: 62fdf1f143b41e24485cea50d1cbac27 -> 
  custom:video-encoder-webm-vp8: eb34c28f22e8b96e1ab97ce403110664 -> 
  custom:video-codec-MediaFoundation-h265: 746d11721c4dcdbdad8f713fa42b33f4 -> 
  custom:video-decoder-webm-vp8: 9c59270c3fd7afecdb556c50c9e8de78 -> 
  custom:audio-decoder-ogg-vorbis: bf7c407c2cedff20999df2af8eb42d56 -> 
  custom:audio-encoder-webm-vorbis: bf7c407c2cedff20999df2af8eb42d56 -> 
========================================================================
Received Prepare
Registering precompiled user dll's ...
Registered in 0.014169 seconds.
Begin MonoManager ReloadAssembly
Native extension for WindowsStandalone target not found
Refreshing native plugins compatible for Editor in 2.15 ms, found 2 plugins.
Preloading 0 native plugins for Editor in 0.00 ms.
Mono: successfully reloaded assembly
- Completed reload, in  4.075 seconds
Domain Reload Profiling:
	ReloadAssembly (4077ms)
		BeginReloadAssembly (427ms)
			ExecutionOrderSort (0ms)
			DisableScriptedObjects (17ms)
			BackupInstance (0ms)
			ReleaseScriptingObjects (0ms)
			CreateAndSetChildDomain (124ms)
		EndReloadAssembly (3404ms)
			LoadAssemblies (367ms)
			RebuildTransferFunctionScriptingTraits (0ms)
			SetupTypeCache (1278ms)
			ReleaseScriptCaches (2ms)
			RebuildScriptCaches (157ms)
			SetupLoadedEditorAssemblies (1331ms)
				LogAssemblyErrors (0ms)
				InitializePlatformSupportModulesInManaged (17ms)
				SetLoadedEditorAssemblies (3ms)
				RefreshPlugins (2ms)
				BeforeProcessingInitializeOnLoad (186ms)
				ProcessInitializeOnLoadAttributes (1081ms)
				ProcessInitializeOnLoadMethodAttributes (16ms)
				AfterProcessingInitializeOnLoad (25ms)
				EditorAssembliesLoaded (1ms)
			ExecutionOrderSort2 (0ms)
			AwakeInstancesAfterBackupRestoration (23ms)
Platform modules already initialized, skipping
Refreshing native plugins compatible for Editor in 1.95 ms, found 2 plugins.
Preloading 0 native plugins for Editor in 0.00 ms.
Unloading 1819 Unused Serialized files (Serialized files now loaded: 0)
System memory in use before: 87.3 MB.
System memory in use after: 87.4 MB.

Unloading 13 unused Assets to reduce memory usage. Loaded Objects now: 2338.
Total: 6.978200 ms (FindLiveObjects: 0.587700 ms CreateObjectMapping: 0.156500 ms MarkObjects: 6.196000 ms  DeleteObjects: 0.035500 ms)

AssetImportParameters requested are different than current active one (requested -> active):
  custom:framework-win-MediaFoundation: 216162199b28c13a410421893ffa2e32 -> 
  custom:video-decoder-ogg-theora: a1e56fd34408186e4bbccfd4996cb3dc -> 
  custom:container-muxer-webm: aa71ff27fc2769a1b78a27578f13a17b -> 
  custom:container-demuxer-webm: 4f35f7cbe854078d1ac9338744f61a02 -> 
  custom:container-demuxer-ogg: 62fdf1f143b41e24485cea50d1cbac27 -> 
  custom:video-encoder-webm-vp8: eb34c28f22e8b96e1ab97ce403110664 -> 
  custom:video-codec-MediaFoundation-h265: 746d11721c4dcdbdad8f713fa42b33f4 -> 
  custom:video-decoder-webm-vp8: 9c59270c3fd7afecdb556c50c9e8de78 -> 
  custom:audio-decoder-ogg-vorbis: bf7c407c2cedff20999df2af8eb42d56 -> 
  custom:audio-encoder-webm-vorbis: bf7c407c2cedff20999df2af8eb42d56 -> 
========================================================================
Received Prepare
Refreshing native plugins compatible for Editor in 29.03 ms, found 2 plugins.
Preloading 0 native plugins for Editor in 0.00 ms.
Unloading 11 Unused Serialized files (Serialized files now loaded: 0)
System memory in use before: 51.6 MB.
System memory in use after: 51.7 MB.

Unloading 11 unused Assets to reduce memory usage. Loaded Objects now: 2338.
Total: 5.435100 ms (FindLiveObjects: 0.421800 ms CreateObjectMapping: 0.118700 ms MarkObjects: 4.828100 ms  DeleteObjects: 0.064100 ms)

AssetImportParameters requested are different than current active one (requested -> active):
  custom:framework-win-MediaFoundation: 216162199b28c13a410421893ffa2e32 -> 
  custom:video-decoder-ogg-theora: a1e56fd34408186e4bbccfd4996cb3dc -> 
  custom:container-muxer-webm: aa71ff27fc2769a1b78a27578f13a17b -> 
  custom:container-demuxer-webm: 4f35f7cbe854078d1ac9338744f61a02 -> 
  custom:container-demuxer-ogg: 62fdf1f143b41e24485cea50d1cbac27 -> 
  custom:video-encoder-webm-vp8: eb34c28f22e8b96e1ab97ce403110664 -> 
  custom:video-codec-MediaFoundation-h265: 746d11721c4dcdbdad8f713fa42b33f4 -> 
  custom:video-decoder-webm-vp8: 9c59270c3fd7afecdb556c50c9e8de78 -> 
  custom:audio-decoder-ogg-vorbis: bf7c407c2cedff20999df2af8eb42d56 -> 
  custom:audio-encoder-webm-vorbis: bf7c407c2cedff20999df2af8eb42d56 -> 
AssetImportWorkerClient::OnTransportError - code=2 error=End of file
